<?xml version="1.0" encoding="UTF-8"?>
<!-- Generated by org.testng.reporters.JUnitReportReporter -->
<testsuite hostname="CL" failures="0" tests="1" name="testCases.GetAllAccounts" time="2.315" errors="0" timestamp="26 Aug 2024 03:31:14 GMT" skipped="0">
  <testcase classname="testCases.GetAllAccounts" name="getAllAccounts" time="2.315"/>
</testsuite> <!-- testCases.GetAllAccounts -->
